[debug] [2025-09-30T16:55:30.413Z] ----------------------------------------------------------------------
[debug] [2025-09-30T16:55:30.414Z] Command:       /Users/macbook/Library/Application Support/Herd/config/nvm/versions/node/v22.19.0/bin/node /Users/macbook/Library/Application Support/Herd/config/nvm/versions/node/v22.19.0/bin/firebase init
[debug] [2025-09-30T16:55:30.414Z] CLI Version:   14.17.0
[debug] [2025-09-30T16:55:30.415Z] Platform:      darwin
[debug] [2025-09-30T16:55:30.415Z] Node Version:  v22.19.0
[debug] [2025-09-30T16:55:30.415Z] Time:          Tue Sep 30 2025 23:55:30 GMT+0700 (Indochina Time)
[debug] [2025-09-30T16:55:30.415Z] ----------------------------------------------------------------------
[debug] 
[debug] [2025-09-30T16:55:30.415Z] >>> [apiv2][query] GET https://firebase-public.firebaseio.com/cli.json [none]
[debug] [2025-09-30T16:55:30.505Z] > command requires scopes: ["email","openid","https://www.googleapis.com/auth/cloudplatformprojects.readonly","https://www.googleapis.com/auth/firebase","https://www.googleapis.com/auth/cloud-platform"]
[debug] [2025-09-30T16:55:30.505Z] > authorizing via signed-in user (nguyenquang.btr@gmail.com)
[info] 
     ######## #### ########  ######## ########     ###     ######  ########
     ##        ##  ##     ## ##       ##     ##  ##   ##  ##       ##
     ######    ##  ########  ######   ########  #########  ######  ######
     ##        ##  ##    ##  ##       ##     ## ##     ##       ## ##
     ##       #### ##     ## ######## ########  ##     ##  ######  ########

You're about to initialize a Firebase project in this directory:

  /Users/macbook/Projects/github/P/oishimenu-g

Before we get started, keep in mind:

  * You are initializing within an existing Firebase project directory

[debug] [2025-09-30T16:55:31.036Z] <<< [apiv2][status] GET https://firebase-public.firebaseio.com/cli.json 200
[debug] [2025-09-30T16:55:31.036Z] <<< [apiv2][body] GET https://firebase-public.firebaseio.com/cli.json {"cloudBuildErrorAfter":1594252800000,"cloudBuildWarnAfter":1590019200000,"defaultNode10After":1594252800000,"minVersion":"3.0.5","node8DeploysDisabledAfter":1613390400000,"node8RuntimeDisabledAfter":1615809600000,"node8WarnAfter":1600128000000}
[debug] [2025-09-30T16:55:55.811Z] ExitPromptError: User force closed the prompt with SIGINT
    at Interface.sigint (/Users/macbook/Library/Application Support/Herd/config/nvm/versions/node/v22.19.0/lib/node_modules/firebase-tools/node_modules/@inquirer/core/dist/commonjs/lib/create-prompt.js:101:37)
    at Interface.emit (node:events:519:28)
    at Interface.emit (node:domain:489:12)
    at [_ttyWrite] [as _ttyWrite] (node:internal/readline/interface:1132:18)
    at ReadStream.onkeypress (node:internal/readline/interface:271:20)
    at ReadStream.emit (node:events:531:35)
    at ReadStream.emit (node:domain:489:12)
    at emitKeys (node:internal/readline/utils:370:14)
    at emitKeys.next (<anonymous>)
    at ReadStream.onData (node:internal/readline/emitKeypressEvents:64:36)
[error] 
[error] Error: An unexpected error has occurred.
